2021-09-26 00:34:31.162 19957-19957/? A/DEBUG: pid: 19657, tid: 19899, name: zzy_video_drill  >>> com.hwilliamgo.fuzzy_video_drill <<<
2021-09-26 00:34:31.162 19957-19957/? A/DEBUG: signal 6 (SIGABRT), code -6 (SI_TKILL), fault addr --------
2021-09-26 00:34:31.162 19957-19957/? A/DEBUG: Abort message: 'FORTIFY: pthread_mutex_lock called on a destroyed mutex (0x6fe227c4f0)'
2021-09-26 00:34:31.162 19957-19957/? A/DEBUG:     x0  0000000000000000  x1  0000000000004dbb  x2  0000000000000006  x3  0000000000000008
2021-09-26 00:34:31.162 19957-19957/? A/DEBUG:     x4  0000000000008080  x5  0000000000008080  x6  0000000000008080  x7  0000000000000038
2021-09-26 00:34:31.162 19957-19957/? A/DEBUG:     x8  0000000000000083  x9  e901071aa5db3446  x10 0000000000000000  x11 fffffffc7ffffbdf
2021-09-26 00:34:31.162 19957-19957/? A/DEBUG:     x12 0000000000000001  x13 00000000614f4f97  x14 00004bcb012e8b6d  x15 000014ce55aa9d08
2021-09-26 00:34:31.162 19957-19957/? A/DEBUG:     x16 000000706d5312c0  x17 000000706d47033c  x18 0000000000000001  x19 0000000000004cc9
2021-09-26 00:34:31.162 19957-19957/? A/DEBUG:     x20 0000000000004dbb  x21 0000006fe227c4f0  x22 00004cc900004cc9  x23 0000006fc759fae0
2021-09-26 00:34:31.162 19957-19957/? A/DEBUG:     x24 0000006fc990a570  x25 0000006fc980d000  x26 000000706f3567e0  x27 000000000000000b
2021-09-26 00:34:31.162 19957-19957/? A/DEBUG:     x28 0000007fedd773d0  x29 0000006fc990a280
2021-09-26 00:34:31.162 19957-19957/? A/DEBUG:     sp  0000006fc990a240  lr  000000706d464e68  pc  000000706d464e90
2021-09-26 00:34:31.163 19957-19957/? A/DEBUG: backtrace:
2021-09-26 00:34:31.163 19957-19957/? A/DEBUG:     #00 pc 0000000000022e90  /system/lib64/libc.so (abort+116)
2021-09-26 00:34:31.163 19957-19957/? A/DEBUG:     #01 pc 0000000000085038  /system/lib64/libc.so (__fortify_fatal(char const*, ...)+120)
2021-09-26 00:34:31.163 19957-19957/? A/DEBUG:     #02 pc 0000000000084734  /system/lib64/libc.so (HandleUsingDestroyedMutex(pthread_mutex_t*, char const*)+52)
2021-09-26 00:34:31.164 19957-19957/? A/DEBUG:     #03 pc 00000000000845e8  /system/lib64/libc.so (pthread_mutex_lock+228)
2021-09-26 00:34:31.164 19957-19957/? A/DEBUG:     #04 pc 0000000000082fbc  /system/lib64/libc.so (pthread_cond_wait+72)
2021-09-26 00:34:31.164 19957-19957/? A/DEBUG:     #05 pc 000000000001ece8  /data/app/com.hwilliamgo.fuzzy_video_drill-9onjuyjKiOK1OMEpKc-D7g==/base.apk (offset 0x1301000) (SafeQueue<RTMPPacket*>::pop(RTMPPacket*&)+104)
2021-09-26 00:34:31.164 19957-19957/? A/DEBUG:     #06 pc 000000000001eb78  /data/app/com.hwilliamgo.fuzzy_video_drill-9onjuyjKiOK1OMEpKc-D7g==/base.apk (offset 0x1301000)
2021-09-26 00:34:31.164 19957-19957/? A/DEBUG:     #07 pc 0000000000083a6c  /system/lib64/libc.so (__pthread_start(void*)+36)
2021-09-26 00:34:31.164 19957-19957/? A/DEBUG:     #08 pc 00000000000246e4  /system/lib64/libc.so (__start_thread+68)